<?xml version="1.0" encoding="UTF-8"?>
<testsuite name="com.huchuchu.paper.springboot.domain.posts.PostBoardRepositoryTest" tests="1" skipped="0" failures="0" errors="0" timestamp="2022-04-23T02:16:40" hostname="DESKTOP-ESCRG64" time="0.375">
  <properties/>
  <testcase name="postBoard_엔티티_테스트()" classname="com.huchuchu.paper.springboot.domain.posts.PostBoardRepositoryTest" time="0.375"/>
  <system-out><![CDATA[11:16:32.745 [Test worker] DEBUG org.springframework.test.context.BootstrapUtils - Instantiating CacheAwareContextLoaderDelegate from class [org.springframework.test.context.cache.DefaultCacheAwareContextLoaderDelegate]
11:16:32.763 [Test worker] DEBUG org.springframework.test.context.BootstrapUtils - Instantiating BootstrapContext using constructor [public org.springframework.test.context.support.DefaultBootstrapContext(java.lang.Class,org.springframework.test.context.CacheAwareContextLoaderDelegate)]
11:16:32.809 [Test worker] DEBUG org.springframework.test.context.BootstrapUtils - Instantiating TestContextBootstrapper for test class [com.huchuchu.paper.springboot.domain.posts.PostBoardRepositoryTest] from class [org.springframework.boot.test.context.SpringBootTestContextBootstrapper]
11:16:32.825 [Test worker] INFO org.springframework.boot.test.context.SpringBootTestContextBootstrapper - Neither @ContextConfiguration nor @ContextHierarchy found for test class [com.huchuchu.paper.springboot.domain.posts.PostBoardRepositoryTest], using SpringBootContextLoader
11:16:32.830 [Test worker] DEBUG org.springframework.test.context.support.AbstractContextLoader - Did not detect default resource location for test class [com.huchuchu.paper.springboot.domain.posts.PostBoardRepositoryTest]: class path resource [com/huchuchu/paper/springboot/domain/posts/PostBoardRepositoryTest-context.xml] does not exist
11:16:32.831 [Test worker] DEBUG org.springframework.test.context.support.AbstractContextLoader - Did not detect default resource location for test class [com.huchuchu.paper.springboot.domain.posts.PostBoardRepositoryTest]: class path resource [com/huchuchu/paper/springboot/domain/posts/PostBoardRepositoryTestContext.groovy] does not exist
11:16:32.832 [Test worker] INFO org.springframework.test.context.support.AbstractContextLoader - Could not detect default resource locations for test class [com.huchuchu.paper.springboot.domain.posts.PostBoardRepositoryTest]: no resource found for suffixes {-context.xml, Context.groovy}.
11:16:32.833 [Test worker] INFO org.springframework.test.context.support.AnnotationConfigContextLoaderUtils - Could not detect default configuration classes for test class [com.huchuchu.paper.springboot.domain.posts.PostBoardRepositoryTest]: PostBoardRepositoryTest does not declare any static, non-private, non-final, nested classes annotated with @Configuration.
11:16:32.900 [Test worker] DEBUG org.springframework.test.context.support.ActiveProfilesUtils - Could not find an 'annotation declaring class' for annotation type [org.springframework.test.context.ActiveProfiles] and class [com.huchuchu.paper.springboot.domain.posts.PostBoardRepositoryTest]
11:16:33.012 [Test worker] DEBUG org.springframework.context.annotation.ClassPathScanningCandidateComponentProvider - Identified candidate component class: file [E:\RollingPaper\build\classes\java\main\com\huchuchu\paper\springboot\Application.class]
11:16:33.014 [Test worker] INFO org.springframework.boot.test.context.SpringBootTestContextBootstrapper - Found @SpringBootConfiguration com.huchuchu.paper.springboot.Application for test class com.huchuchu.paper.springboot.domain.posts.PostBoardRepositoryTest
11:16:33.143 [Test worker] DEBUG org.springframework.boot.test.context.SpringBootTestContextBootstrapper - @TestExecutionListeners is not present for class [com.huchuchu.paper.springboot.domain.posts.PostBoardRepositoryTest]: using defaults.
11:16:33.144 [Test worker] INFO org.springframework.boot.test.context.SpringBootTestContextBootstrapper - Loaded default TestExecutionListener class names from location [META-INF/spring.factories]: [org.springframework.security.test.context.support.WithSecurityContextTestExecutionListener, org.springframework.security.test.context.support.ReactorContextTestExecutionListener, org.springframework.boot.test.autoconfigure.restdocs.RestDocsTestExecutionListener, org.springframework.boot.test.autoconfigure.web.client.MockRestServiceServerResetTestExecutionListener, org.springframework.boot.test.autoconfigure.web.servlet.MockMvcPrintOnlyOnFailureTestExecutionListener, org.springframework.boot.test.autoconfigure.web.servlet.WebDriverTestExecutionListener, org.springframework.boot.test.autoconfigure.webservices.client.MockWebServiceServerTestExecutionListener, org.springframework.boot.test.mock.mockito.MockitoTestExecutionListener, org.springframework.boot.test.mock.mockito.ResetMocksTestExecutionListener, org.springframework.test.context.web.ServletTestExecutionListener, org.springframework.test.context.support.DirtiesContextBeforeModesTestExecutionListener, org.springframework.test.context.support.DependencyInjectionTestExecutionListener, org.springframework.test.context.support.DirtiesContextTestExecutionListener, org.springframework.test.context.transaction.TransactionalTestExecutionListener, org.springframework.test.context.jdbc.SqlScriptsTestExecutionListener, org.springframework.test.context.event.EventPublishingTestExecutionListener]
11:16:33.172 [Test worker] INFO org.springframework.boot.test.context.SpringBootTestContextBootstrapper - Using TestExecutionListeners: [org.springframework.test.context.web.ServletTestExecutionListener@4ec08da2, org.springframework.test.context.support.DirtiesContextBeforeModesTestExecutionListener@4c30fd9, org.springframework.boot.test.mock.mockito.MockitoTestExecutionListener@11eb3986, org.springframework.boot.test.autoconfigure.SpringBootDependencyInjectionTestExecutionListener@3a8e73a6, org.springframework.test.context.support.DirtiesContextTestExecutionListener@706954c8, org.springframework.test.context.transaction.TransactionalTestExecutionListener@6c4830db, org.springframework.test.context.jdbc.SqlScriptsTestExecutionListener@24a713dd, org.springframework.security.test.context.support.WithSecurityContextTestExecutionListener@6d7d57ac, org.springframework.test.context.event.EventPublishingTestExecutionListener@570881df, org.springframework.security.test.context.support.ReactorContextTestExecutionListener@7aebbd0d, org.springframework.boot.test.autoconfigure.restdocs.RestDocsTestExecutionListener@664e6076, org.springframework.boot.test.autoconfigure.web.client.MockRestServiceServerResetTestExecutionListener@61099b24, org.springframework.boot.test.autoconfigure.web.servlet.MockMvcPrintOnlyOnFailureTestExecutionListener@729cf8a3, org.springframework.boot.test.autoconfigure.web.servlet.WebDriverTestExecutionListener@55382028, org.springframework.boot.test.autoconfigure.webservices.client.MockWebServiceServerTestExecutionListener@4060a729, org.springframework.boot.test.mock.mockito.ResetMocksTestExecutionListener@6d1dd4ba]
11:16:33.178 [Test worker] DEBUG org.springframework.test.context.support.AbstractDirtiesContextTestExecutionListener - Before test class: context [DefaultTestContext@330154a testClass = PostBoardRepositoryTest, testInstance = [null], testMethod = [null], testException = [null], mergedContextConfiguration = [WebMergedContextConfiguration@51c04276 testClass = PostBoardRepositoryTest, locations = '{}', classes = '{class com.huchuchu.paper.springboot.Application}', contextInitializerClasses = '[]', activeProfiles = '{}', propertySourceLocations = '{}', propertySourceProperties = '{org.springframework.boot.test.context.SpringBootTestContextBootstrapper=true}', contextCustomizers = set[org.springframework.boot.test.autoconfigure.actuate.metrics.MetricsExportContextCustomizerFactory$DisableMetricExportContextCustomizer@5b34cddf, org.springframework.boot.test.autoconfigure.properties.PropertyMappingContextCustomizer@0, org.springframework.boot.test.autoconfigure.web.servlet.WebDriverContextCustomizerFactory$Customizer@535572ff, org.springframework.boot.test.context.filter.ExcludeFilterContextCustomizer@45d9ebce, org.springframework.boot.test.json.DuplicateJsonObjectContextCustomizerFactory$DuplicateJsonObjectContextCustomizer@772b11ec, org.springframework.boot.test.mock.mockito.MockitoContextCustomizer@0, org.springframework.boot.test.web.client.TestRestTemplateContextCustomizer@52fa76c1, org.springframework.boot.test.context.SpringBootTestArgs@1, org.springframework.boot.test.context.SpringBootTestWebEnvironment@59b1160f], resourceBasePath = 'src/main/webapp', contextLoader = 'org.springframework.boot.test.context.SpringBootContextLoader', parent = [null]], attributes = map['org.springframework.test.context.web.ServletTestExecutionListener.activateListener' -> true]], class annotated with @DirtiesContext [false] with mode [null].
11:16:33.214 [Test worker] DEBUG org.springframework.test.context.support.TestPropertySourceUtils - Adding inlined properties to environment: {spring.jmx.enabled=false, org.springframework.boot.test.context.SpringBootTestContextBootstrapper=true}

  .   ____          _            __ _ _
 /\\ / ___'_ __ _ _(_)_ __  __ _ \ \ \ \
( ( )\___ | '_ | '_| | '_ \/ _` | \ \ \ \
 \\/  ___)| |_)| | | | | || (_| |  ) ) ) )
  '  |____| .__|_| |_|_| |_\__, | / / / /
 =========|_|==============|___/=/_/_/_/
 :: Spring Boot ::                (v2.4.1)

2022-04-23 11:16:33.583  INFO 28060 --- [    Test worker] c.h.p.s.d.posts.PostBoardRepositoryTest  : Starting PostBoardRepositoryTest using Java 1.8.0_201 on DESKTOP-ESCRG64 with PID 28060 (started by sulki in E:\RollingPaper)
2022-04-23 11:16:33.586  INFO 28060 --- [    Test worker] c.h.p.s.d.posts.PostBoardRepositoryTest  : No active profile set, falling back to default profiles: default
2022-04-23 11:16:34.588  INFO 28060 --- [    Test worker] .s.d.r.c.RepositoryConfigurationDelegate : Bootstrapping Spring Data JPA repositories in DEFAULT mode.
2022-04-23 11:16:34.696  INFO 28060 --- [    Test worker] .s.d.r.c.RepositoryConfigurationDelegate : Finished Spring Data repository scanning in 98 ms. Found 4 JPA repository interfaces.
2022-04-23 11:16:35.469  INFO 28060 --- [    Test worker] com.zaxxer.hikari.HikariDataSource       : HikariPool-1 - Starting...
2022-04-23 11:16:35.731  INFO 28060 --- [    Test worker] com.zaxxer.hikari.HikariDataSource       : HikariPool-1 - Start completed.
2022-04-23 11:16:35.834  INFO 28060 --- [    Test worker] o.hibernate.jpa.internal.util.LogHelper  : HHH000204: Processing PersistenceUnitInfo [name: default]
2022-04-23 11:16:35.932  INFO 28060 --- [    Test worker] org.hibernate.Version                    : HHH000412: Hibernate ORM core version 5.4.25.Final
2022-04-23 11:16:36.148  INFO 28060 --- [    Test worker] o.hibernate.annotations.common.Version   : HCANN000001: Hibernate Commons Annotations {5.1.2.Final}
2022-04-23 11:16:36.343  INFO 28060 --- [    Test worker] org.hibernate.dialect.Dialect            : HHH000400: Using dialect: org.hibernate.dialect.MySQL55Dialect
Hibernate: drop table if exists file
Hibernate: drop table if exists post_board
Hibernate: drop table if exists posts
Hibernate: drop table if exists user
Hibernate: create table file (id bigint not null auto_increment, create_date datetime, modified_date datetime, file_name varchar(255) not null, file_path varchar(255) not null, orig_filename varchar(255) not null, primary key (id)) engine=InnoDB
Hibernate: create table post_board (id bigint not null auto_increment, create_date datetime, modified_date datetime, author varchar(255) not null, end_date varchar(255) not null, title varchar(255) not null, primary key (id)) engine=InnoDB
Hibernate: create table posts (id bigint not null auto_increment, create_date datetime, modified_date datetime, author varchar(255), content TEXT not null, title varchar(500) not null, primary key (id)) engine=InnoDB
Hibernate: create table user (id bigint not null auto_increment, create_date datetime, modified_date datetime, email varchar(255) not null, name varchar(255) not null, picture varchar(255), role varchar(255) not null, primary key (id)) engine=InnoDB
2022-04-23 11:16:37.329  INFO 28060 --- [    Test worker] o.h.e.t.j.p.i.JtaPlatformInitiator       : HHH000490: Using JtaPlatform implementation: [org.hibernate.engine.transaction.jta.platform.internal.NoJtaPlatform]
2022-04-23 11:16:37.340  INFO 28060 --- [    Test worker] j.LocalContainerEntityManagerFactoryBean : Initialized JPA EntityManagerFactory for persistence unit 'default'
2022-04-23 11:16:38.070  WARN 28060 --- [    Test worker] JpaBaseConfiguration$JpaWebConfiguration : spring.jpa.open-in-view is enabled by default. Therefore, database queries may be performed during view rendering. Explicitly configure spring.jpa.open-in-view to disable this warning
=====
USER
ROLE_USER
일반 사용자
======
2022-04-23 11:16:39.093  INFO 28060 --- [    Test worker] o.s.s.web.DefaultSecurityFilterChain     : Will secure any request with [org.springframework.security.web.context.request.async.WebAsyncManagerIntegrationFilter@57ee78c0, org.springframework.security.web.context.SecurityContextPersistenceFilter@1001dd8e, org.springframework.security.web.header.HeaderWriterFilter@8b92ced, org.springframework.security.web.authentication.logout.LogoutFilter@684699df, org.springframework.security.oauth2.client.web.OAuth2AuthorizationRequestRedirectFilter@325bef57, org.springframework.security.oauth2.client.web.OAuth2LoginAuthenticationFilter@4f7a41fc, org.springframework.security.web.authentication.ui.DefaultLoginPageGeneratingFilter@3552d49, org.springframework.security.web.authentication.ui.DefaultLogoutPageGeneratingFilter@610e5981, org.springframework.security.web.savedrequest.RequestCacheAwareFilter@705c9411, org.springframework.security.web.servletapi.SecurityContextHolderAwareRequestFilter@766eba19, org.springframework.security.web.authentication.AnonymousAuthenticationFilter@5216e11b, org.springframework.security.web.session.SessionManagementFilter@971aa54, org.springframework.security.web.access.ExceptionTranslationFilter@cdcba43, org.springframework.security.web.access.intercept.FilterSecurityInterceptor@a61265a]
2022-04-23 11:16:39.733  INFO 28060 --- [    Test worker] o.s.s.concurrent.ThreadPoolTaskExecutor  : Initializing ExecutorService 'applicationTaskExecutor'
2022-04-23 11:16:39.811  INFO 28060 --- [    Test worker] o.s.b.a.h2.H2ConsoleAutoConfiguration    : H2 console available at '/h2-console'. Database available at 'jdbc:h2:mem:testdb'
2022-04-23 11:16:39.903  INFO 28060 --- [    Test worker] o.s.b.a.w.s.WelcomePageHandlerMapping    : Adding welcome page template: index
2022-04-23 11:16:40.503  INFO 28060 --- [    Test worker] s.a.ScheduledAnnotationBeanPostProcessor : No TaskScheduler/ScheduledExecutorService bean found for scheduled processing
2022-04-23 11:16:40.515  INFO 28060 --- [    Test worker] c.h.p.s.d.posts.PostBoardRepositoryTest  : Started PostBoardRepositoryTest in 7.292 seconds (JVM running for 9.67)
Hibernate: insert into post_board (create_date, modified_date, author, end_date, title) values (?, ?, ?, ?, ?)
Hibernate: select postboard0_.id as id1_1_, postboard0_.create_date as create_d2_1_, postboard0_.modified_date as modified3_1_, postboard0_.author as author4_1_, postboard0_.end_date as end_date5_1_, postboard0_.title as title6_1_ from post_board postboard0_
Hibernate: select postboard0_.id as id1_1_, postboard0_.create_date as create_d2_1_, postboard0_.modified_date as modified3_1_, postboard0_.author as author4_1_, postboard0_.end_date as end_date5_1_, postboard0_.title as title6_1_ from post_board postboard0_
Hibernate: delete from post_board where id=?
]]></system-out>
  <system-err><![CDATA[]]></system-err>
</testsuite>
